<?xml version="1.0" encoding="UTF-8"?>
<testng-results skipped="0" failed="1" ignored="0" total="1" passed="0">
  <reporter-output>
  </reporter-output>
  <suite name="Batch 2:30" duration-ms="26544" started-at="2020-02-02T16:40:13 IST" finished-at="2020-02-02T16:40:39 IST">
    <groups>
    </groups>
    <test name="Google Test" duration-ms="26544" started-at="2020-02-02T16:40:13 IST" finished-at="2020-02-02T16:40:39 IST">
      <class name="feb_02.TC01">
        <test-method status="PASS" signature="openBrowser(java.lang.String)[pri:0, instance:feb_02.TC01@5c072e3f]" name="openBrowser" is-config="true" duration-ms="11739" started-at="2020-02-02T16:40:13 IST" finished-at="2020-02-02T16:40:24 IST">
          <params>
            <param index="0">
              <value>
                <![CDATA[chrome]]>
              </value>
            </param>
          </params>
          <reporter-output>
          </reporter-output>
        </test-method> <!-- openBrowser -->
        <test-method status="FAIL" signature="testCase01()[pri:0, instance:feb_02.TC01@5c072e3f]" name="testCase01" duration-ms="13477" started-at="2020-02-02T16:40:24 IST" finished-at="2020-02-02T16:40:38 IST">
          <exception class="java.lang.AssertionError">
            <message>
              <![CDATA[did not expect to find [true] but found [false]]]>
            </message>
            <full-stacktrace>
              <![CDATA[java.lang.AssertionError: did not expect to find [true] but found [false]
at org.testng.Assert.fail(Assert.java:97)
at org.testng.Assert.failNotEquals(Assert.java:969)
at org.testng.Assert.assertTrue(Assert.java:43)
at org.testng.Assert.assertTrue(Assert.java:53)
at feb_02.TC01.testCase01(TC01.java:20)
at sun.reflect.NativeMethodAccessorImpl.invoke0(Native Method)
at sun.reflect.NativeMethodAccessorImpl.invoke(Unknown Source)
at sun.reflect.DelegatingMethodAccessorImpl.invoke(Unknown Source)
at java.lang.reflect.Method.invoke(Unknown Source)
at org.testng.internal.MethodInvocationHelper.invokeMethod(MethodInvocationHelper.java:133)
at org.testng.internal.TestInvoker.invokeMethod(TestInvoker.java:584)
at org.testng.internal.TestInvoker.invokeTestMethod(TestInvoker.java:172)
at org.testng.internal.MethodRunner.runInSequence(MethodRunner.java:46)
at org.testng.internal.TestInvoker$MethodInvocationAgent.invoke(TestInvoker.java:804)
at org.testng.internal.TestInvoker.invokeTestMethods(TestInvoker.java:145)
at org.testng.internal.TestMethodWorker.invokeTestMethods(TestMethodWorker.java:146)
at org.testng.internal.TestMethodWorker.run(TestMethodWorker.java:128)
at java.util.ArrayList.forEach(Unknown Source)
at org.testng.TestRunner.privateRun(TestRunner.java:770)
at org.testng.TestRunner.run(TestRunner.java:591)
at org.testng.SuiteRunner.runTest(SuiteRunner.java:402)
at org.testng.SuiteRunner.access$000(SuiteRunner.java:41)
at org.testng.SuiteRunner$SuiteWorker.run(SuiteRunner.java:443)
at org.testng.internal.thread.ThreadUtil.lambda$execute$0(ThreadUtil.java:67)
at java.util.concurrent.FutureTask.run(Unknown Source)
at java.util.concurrent.ThreadPoolExecutor.runWorker(Unknown Source)
at java.util.concurrent.ThreadPoolExecutor$Worker.run(Unknown Source)
at java.lang.Thread.run(Unknown Source)
]]>
            </full-stacktrace>
          </exception> <!-- java.lang.AssertionError -->
          <reporter-output>
          </reporter-output>
        </test-method> <!-- testCase01 -->
        <test-method status="PASS" signature="quitBrowser(org.testng.ITestResult)[pri:0, instance:feb_02.TC01@5c072e3f]" name="quitBrowser" is-config="true" duration-ms="1301" started-at="2020-02-02T16:40:38 IST" finished-at="2020-02-02T16:40:39 IST">
          <params>
            <param index="0">
              <value>
                <![CDATA[[TestResult name=testCase01 status=FAILURE method=TC01.testCase01()[pri:0, instance:feb_02.TC01@5c072e3f] output={null}]]]>
              </value>
            </param>
          </params>
          <reporter-output>
          </reporter-output>
        </test-method> <!-- quitBrowser -->
      </class> <!-- feb_02.TC01 -->
    </test> <!-- Google Test -->
  </suite> <!-- Batch 2:30 -->
</testng-results>
